<?xml version="1.0" encoding="UTF-8"?>
<testng-results skipped="0" failed="0" ignored="0" total="1" passed="1">
  <reporter-output>
  </reporter-output>
  <suite name="Failed suite [Default suite]" duration-ms="2335" started-at="2022-06-14T09:38:59Z" finished-at="2022-06-14T09:39:01Z">
    <groups>
    </groups>
    <test name="Default test(failed)" duration-ms="2335" started-at="2022-06-14T09:38:59Z" finished-at="2022-06-14T09:39:01Z">
      <class name="practiceSession.WorkingOnMultipleRead">
        <test-method status="PASS" signature="Data()[pri:0, instance:practiceSession.WorkingOnMultipleRead@cc285f4]" name="Data" duration-ms="2311" started-at="2022-06-14T15:08:59Z" finished-at="2022-06-14T15:09:01Z">
          <reporter-output>
          </reporter-output>
        </test-method> <!-- Data -->
      </class> <!-- practiceSession.WorkingOnMultipleRead -->
    </test> <!-- Default test(failed) -->
  </suite> <!-- Failed suite [Default suite] -->
</testng-results>
